<?xml version="1.0" encoding="UTF-8"?>
<!-- Generated by org.testng.reporters.JUnitReportReporter -->
<testsuite hostname="DESKTOP-QTCI61E" failures="0" tests="1" name="com.ShopperStack_TestScripts.TC_002_Verify_user_is_able_to_delete_address_or_not" time="13.799" errors="0" timestamp="2025-04-04T10:37:32 IST" skipped="0">
  <testcase classname="com.ShopperStack_TestScripts.TC_002_Verify_user_is_able_to_delete_address_or_not" name="deleteAddress" time="13.799"/>
</testsuite> <!-- com.ShopperStack_TestScripts.TC_002_Verify_user_is_able_to_delete_address_or_not -->
