<?xml version="1.0" encoding="UTF-8"?>
<!-- Generated by org.testng.reporters.JUnitReportReporter -->
<testsuite hostname="DESKTOP-QTCI61E" failures="0" tests="1" name="com.ShopperStack_TestScripts.TC_001_Vefify_Address_is_Added_Or_Not_Test" time="19.989" errors="0" timestamp="2025-04-04T11:48:14 IST" skipped="0">
  <testcase classname="com.ShopperStack_TestScripts.TC_001_Vefify_Address_is_Added_Or_Not_Test" name="addAddress" time="19.989"/>
</testsuite> <!-- com.ShopperStack_TestScripts.TC_001_Vefify_Address_is_Added_Or_Not_Test -->
