<?xml version="1.0" encoding="UTF-8"?>
<!-- Generated by org.testng.reporters.JUnitReportReporter -->
<testsuite hostname="DESKTOP-QTCI61E" failures="0" tests="1" name="com.ShopperStack_TestScripts.TC_001_Vefify_Address_is_Added_Or_Not" time="17.596" errors="0" timestamp="2025-04-04T10:36:47 IST" skipped="0">
  <testcase classname="com.ShopperStack_TestScripts.TC_001_Vefify_Address_is_Added_Or_Not" name="addAddress" time="17.596"/>
</testsuite> <!-- com.ShopperStack_TestScripts.TC_001_Vefify_Address_is_Added_Or_Not -->
